<?xml version="1.0" encoding="UTF-8"?>
<!-- Generated by org.testng.reporters.JUnitReportReporter -->
<testsuite hostname="DESKTOP-4PA23OJ" name="com.training.sanity.tests.ELTC_051_ModifyUserDetails" tests="3" failures="0" timestamp="16 Jul 2019 07:37:09 GMT" time="24.284" errors="0">
  <testcase name="editUser" time="1.541" classname="com.training.sanity.tests.ELTC_051_ModifyUserDetails"/>
  <testcase name="ModifyUserDetailscheck" time="17.547" classname="com.training.sanity.tests.ELTC_051_ModifyUserDetails"/>
  <testcase name="validLoginTest" time="5.196" classname="com.training.sanity.tests.ELTC_051_ModifyUserDetails"/>
</testsuite> <!-- com.training.sanity.tests.ELTC_051_ModifyUserDetails -->
