<?xml version="1.0" encoding="UTF-8"?>
<!-- Generated by org.testng.reporters.JUnitReportReporter -->
<testsuite hostname="DESKTOP-4PA23OJ" name="com.training.sanity.tests.ELTC_050_CreateTrainingSession" tests="3" failures="0" timestamp="9 Jul 2019 08:39:57 GMT" time="30.291" errors="0">
  <testcase name="validLoginTest" time="5.322" classname="com.training.sanity.tests.ELTC_050_CreateTrainingSession"/>
  <testcase name="editUser" time="1.361" classname="com.training.sanity.tests.ELTC_050_CreateTrainingSession"/>
  <testcase name="addTrainingSession" time="23.608" classname="com.training.sanity.tests.ELTC_050_CreateTrainingSession"/>
</testsuite> <!-- com.training.sanity.tests.ELTC_050_CreateTrainingSession -->
