<?xml version="1.0" encoding="UTF-8"?>
<!-- Generated by org.testng.reporters.JUnitReportReporter -->
<testsuite hostname="DESKTOP-4PA23OJ" name="com.training.sanity.tests.ELTC_020_AddUser" tests="3" failures="0" timestamp="1 Jul 2019 05:24:09 GMT" time="28.978" errors="0">
  <testcase name="validLoginTest" time="6.010" classname="com.training.sanity.tests.ELTC_020_AddUser"/>
  <testcase name="addUser" time="14.844" classname="com.training.sanity.tests.ELTC_020_AddUser"/>
  <testcase name="editUser" time="8.124" classname="com.training.sanity.tests.ELTC_020_AddUser"/>
</testsuite> <!-- com.training.sanity.tests.ELTC_020_AddUser -->
