<?xml version="1.0" encoding="UTF-8"?>
<!-- Generated by org.testng.reporters.JUnitReportReporter -->
<testsuite hostname="DESKTOP-4PA23OJ" name="com.training.sanity.tests.ELTC_019_EditUser" tests="2" failures="0" timestamp="27 Jun 2019 04:43:56 GMT" time="15.920" errors="0">
  <testcase name="validLoginTest" time="3.708" classname="com.training.sanity.tests.ELTC_019_EditUser"/>
  <testcase name="editUser" time="12.212" classname="com.training.sanity.tests.ELTC_019_EditUser"/>
</testsuite> <!-- com.training.sanity.tests.ELTC_019_EditUser -->
