<?xml version="1.0" encoding="UTF-8"?>
<!-- Generated by org.testng.reporters.JUnitReportReporter -->
<testsuite hostname="DESKTOP-4PA23OJ" name="com.training.sanity.tests.ELTC_049_UsersClasses" tests="3" failures="0" timestamp="9 Jul 2019 06:40:26 GMT" time="21.882" errors="0">
  <testcase name="validLoginTest" time="6.000" classname="com.training.sanity.tests.ELTC_049_UsersClasses"/>
  <testcase name="editUser" time="1.152" classname="com.training.sanity.tests.ELTC_049_UsersClasses"/>
  <testcase name="addClassCourse" time="14.730" classname="com.training.sanity.tests.ELTC_049_UsersClasses"/>
</testsuite> <!-- com.training.sanity.tests.ELTC_049_UsersClasses -->
